4 212 127 105 230
5 168 75 95 156 29
2 275 7
4 34 259 218 44
5 41 294 58 125 17
2 87 24
6 85 299 290 256 278 2
2 184 60
4 296 134 13 228
4 249 210 193 49
4 88 161 263 21
4 108 181 142 97
3 164 264 194
4 99 260 107 277
1 110
3 80 92 171
5 103 291 59 233 132
3 8 136 247
4 72 141 143 77
1 4
1 162
1 159
2 148 18
1 246
1 286
3 203 219 192
1 276
4 133 273 215 229
1 220
3 62 227 19
1 137
7 285 32 64 117 98 152 272
1 150
2 15 129
7 225 14 70 199 55 100 279
6 144 113 239 170 250 37
4 74 280 208 130
2 187 146
8 56 198 214 82 119 265 120 293
5 38 224 244 3 78
2 213 223
3 63 157 177
1 57
2 261 39
2 267 91
4 200 281 121 61
1 245
6 79 174 122 27 145 153
3 226 50 109
1 232
8 166 68 140 35 104 251 189 175
2 188 202
2 96 297
2 53 172
1 282
3 102 207 266
1 28
3 284 209 124
2 128 270
3 40 26 151
5 241 163 90 5 12
2 204 47
3 217 158 237
3 185 46 173
3 271 94 165
1 222
1 254
3 295 240 149
3 11 6 182
4 111 106 126 211
2 258 154
3 243 252 1
3 89 25 176
1 268
4 236 248 155 262
1 86
5 253 45 289 186 84
1 298
5 191 112 67 206 183
6 197 235 292 66 231 52
3 160 93 169
2 23 283
5 73 101 196 43 69
1 22
5 195 201 51 71 123
2 114 20
2 48 257
4 269 288 135 274
1 42
1 147
4 190 205 115 9
2 76 139
3 10 242 30
1 131
2 83 255
2 287 238
2 138 31
1 81
1 118
2 16 178